[2019-09-02 10:16:52] production.ERROR: file_get_contents(/Users/itcentral/Projects/apps/zeta-meds/.env): failed to open stream: No such file or directory {"exception":"[object] (ErrorException(code: 0): file_get_contents(/Users/itcentral/Projects/apps/zeta-meds/.env): failed to open stream: No such file or directory at /Users/itcentral/Projects/apps/zeta-meds/vendor/laravel/framework/src/Illuminate/Foundation/Console/KeyGenerateCommand.php:96)
[stacktrace]
#0 [internal function]: Illuminate\\Foundation\\Bootstrap\\HandleExceptions->handleError(2, 'file_get_conten...', '/Users/itcentra...', 96, Array)
#1 /Users/itcentral/Projects/apps/zeta-meds/vendor/laravel/framework/src/Illuminate/Foundation/Console/KeyGenerateCommand.php(96): file_get_contents('/Users/itcentra...')
#2 /Users/itcentral/Projects/apps/zeta-meds/vendor/laravel/framework/src/Illuminate/Foundation/Console/KeyGenerateCommand.php(80): Illuminate\\Foundation\\Console\\KeyGenerateCommand->writeNewEnvironmentFileWith('base64:aiQTJncP...')
#3 /Users/itcentral/Projects/apps/zeta-meds/vendor/laravel/framework/src/Illuminate/Foundation/Console/KeyGenerateCommand.php(45): Illuminate\\Foundation\\Console\\KeyGenerateCommand->setKeyInEnvironmentFile('base64:aiQTJncP...')
#4 [internal function]: Illuminate\\Foundation\\Console\\KeyGenerateCommand->handle()
#5 /Users/itcentral/Projects/apps/zeta-meds/vendor/laravel/framework/src/Illuminate/Container/BoundMethod.php(32): call_user_func_array(Array, Array)
#6 /Users/itcentral/Projects/apps/zeta-meds/vendor/laravel/framework/src/Illuminate/Container/BoundMethod.php(90): Illuminate\\Container\\BoundMethod::Illuminate\\Container\\{closure}()
#7 /Users/itcentral/Projects/apps/zeta-meds/vendor/laravel/framework/src/Illuminate/Container/BoundMethod.php(34): Illuminate\\Container\\BoundMethod::callBoundMethod(Object(Illuminate\\Foundation\\Application), Array, Object(Closure))
#8 /Users/itcentral/Projects/apps/zeta-meds/vendor/laravel/framework/src/Illuminate/Container/Container.php(576): Illuminate\\Container\\BoundMethod::call(Object(Illuminate\\Foundation\\Application), Array, Array, NULL)
#9 /Users/itcentral/Projects/apps/zeta-meds/vendor/laravel/framework/src/Illuminate/Console/Command.php(183): Illuminate\\Container\\Container->call(Array)
#10 /Users/itcentral/Projects/apps/zeta-meds/vendor/symfony/console/Command/Command.php(255): Illuminate\\Console\\Command->execute(Object(Symfony\\Component\\Console\\Input\\ArgvInput), Object(Illuminate\\Console\\OutputStyle))
#11 /Users/itcentral/Projects/apps/zeta-meds/vendor/laravel/framework/src/Illuminate/Console/Command.php(170): Symfony\\Component\\Console\\Command\\Command->run(Object(Symfony\\Component\\Console\\Input\\ArgvInput), Object(Illuminate\\Console\\OutputStyle))
#12 /Users/itcentral/Projects/apps/zeta-meds/vendor/symfony/console/Application.php(915): Illuminate\\Console\\Command->run(Object(Symfony\\Component\\Console\\Input\\ArgvInput), Object(Symfony\\Component\\Console\\Output\\ConsoleOutput))
#13 /Users/itcentral/Projects/apps/zeta-meds/vendor/symfony/console/Application.php(272): Symfony\\Component\\Console\\Application->doRunCommand(Object(Illuminate\\Foundation\\Console\\KeyGenerateCommand), Object(Symfony\\Component\\Console\\Input\\ArgvInput), Object(Symfony\\Component\\Console\\Output\\ConsoleOutput))
#14 /Users/itcentral/Projects/apps/zeta-meds/vendor/symfony/console/Application.php(148): Symfony\\Component\\Console\\Application->doRun(Object(Symfony\\Component\\Console\\Input\\ArgvInput), Object(Symfony\\Component\\Console\\Output\\ConsoleOutput))
#15 /Users/itcentral/Projects/apps/zeta-meds/vendor/laravel/framework/src/Illuminate/Console/Application.php(90): Symfony\\Component\\Console\\Application->run(Object(Symfony\\Component\\Console\\Input\\ArgvInput), Object(Symfony\\Component\\Console\\Output\\ConsoleOutput))
#16 /Users/itcentral/Projects/apps/zeta-meds/vendor/laravel/framework/src/Illuminate/Foundation/Console/Kernel.php(133): Illuminate\\Console\\Application->run(Object(Symfony\\Component\\Console\\Input\\ArgvInput), Object(Symfony\\Component\\Console\\Output\\ConsoleOutput))
#17 /Users/itcentral/Projects/apps/zeta-meds/artisan(37): Illuminate\\Foundation\\Console\\Kernel->handle(Object(Symfony\\Component\\Console\\Input\\ArgvInput), Object(Symfony\\Component\\Console\\Output\\ConsoleOutput))
#18 {main}
"} 
[2019-09-02 10:20:34] local.ERROR: SQLSTATE[HY000] [1049] Unknown database 'zetameds' (SQL: insert into `oauth_clients` (`user_id`, `name`, `secret`, `redirect`, `personal_access_client`, `password_client`, `revoked`, `updated_at`, `created_at`) values (?, Laravel Personal Access Client, DI6Snz90TA6D1V9jVzAdDgWxmfM1DWWrFqr7qszW, http://localhost, 1, 0, 0, 2019-09-02 10:20:34, 2019-09-02 10:20:34)) {"exception":"[object] (Illuminate\\Database\\QueryException(code: 1049): SQLSTATE[HY000] [1049] Unknown database 'zetameds' (SQL: insert into `oauth_clients` (`user_id`, `name`, `secret`, `redirect`, `personal_access_client`, `password_client`, `revoked`, `updated_at`, `created_at`) values (?, Laravel Personal Access Client, DI6Snz90TA6D1V9jVzAdDgWxmfM1DWWrFqr7qszW, http://localhost, 1, 0, 0, 2019-09-02 10:20:34, 2019-09-02 10:20:34)) at /Users/itcentral/Projects/apps/zeta-meds/vendor/laravel/framework/src/Illuminate/Database/Connection.php:664, PDOException(code: 1049): SQLSTATE[HY000] [1049] Unknown database 'zetameds' at /Users/itcentral/Projects/apps/zeta-meds/vendor/laravel/framework/src/Illuminate/Database/Connectors/Connector.php:70)
[stacktrace]
#0 /Users/itcentral/Projects/apps/zeta-meds/vendor/laravel/framework/src/Illuminate/Database/Connection.php(624): Illuminate\\Database\\Connection->runQueryCallback('insert into `oa...', Array, Object(Closure))
#1 /Users/itcentral/Projects/apps/zeta-meds/vendor/laravel/framework/src/Illuminate/Database/Connection.php(459): Illuminate\\Database\\Connection->run('insert into `oa...', Array, Object(Closure))
#2 /Users/itcentral/Projects/apps/zeta-meds/vendor/laravel/framework/src/Illuminate/Database/Connection.php(411): Illuminate\\Database\\Connection->statement('insert into `oa...', Array)
#3 /Users/itcentral/Projects/apps/zeta-meds/vendor/laravel/framework/src/Illuminate/Database/Query/Processors/Processor.php(32): Illuminate\\Database\\Connection->insert('insert into `oa...', Array)
#4 /Users/itcentral/Projects/apps/zeta-meds/vendor/laravel/framework/src/Illuminate/Database/Query/Builder.php(2690): Illuminate\\Database\\Query\\Processors\\Processor->processInsertGetId(Object(Illuminate\\Database\\Query\\Builder), 'insert into `oa...', Array, 'id')
#5 /Users/itcentral/Projects/apps/zeta-meds/vendor/laravel/framework/src/Illuminate/Database/Eloquent/Builder.php(1353): Illuminate\\Database\\Query\\Builder->insertGetId(Array, 'id')
#6 /Users/itcentral/Projects/apps/zeta-meds/vendor/laravel/framework/src/Illuminate/Database/Eloquent/Model.php(839): Illuminate\\Database\\Eloquent\\Builder->__call('insertGetId', Array)
#7 /Users/itcentral/Projects/apps/zeta-meds/vendor/laravel/framework/src/Illuminate/Database/Eloquent/Model.php(804): Illuminate\\Database\\Eloquent\\Model->insertAndSetId(Object(Illuminate\\Database\\Eloquent\\Builder), Array)
#8 /Users/itcentral/Projects/apps/zeta-meds/vendor/laravel/framework/src/Illuminate/Database/Eloquent/Model.php(667): Illuminate\\Database\\Eloquent\\Model->performInsert(Object(Illuminate\\Database\\Eloquent\\Builder))
#9 /Users/itcentral/Projects/apps/zeta-meds/vendor/laravel/passport/src/ClientRepository.php(123): Illuminate\\Database\\Eloquent\\Model->save()
#10 /Users/itcentral/Projects/apps/zeta-meds/vendor/laravel/passport/src/ClientRepository.php(138): Laravel\\Passport\\ClientRepository->create(NULL, 'Laravel Persona...', 'http://localhos...', true)
#11 /Users/itcentral/Projects/apps/zeta-meds/vendor/laravel/passport/src/Console/ClientCommand.php(64): Laravel\\Passport\\ClientRepository->createPersonalAccessClient(NULL, 'Laravel Persona...', 'http://localhos...')
#12 /Users/itcentral/Projects/apps/zeta-meds/vendor/laravel/passport/src/Console/ClientCommand.php(40): Laravel\\Passport\\Console\\ClientCommand->createPersonalClient(Object(Laravel\\Passport\\ClientRepository))
#13 [internal function]: Laravel\\Passport\\Console\\ClientCommand->handle(Object(Laravel\\Passport\\ClientRepository))
#14 /Users/itcentral/Projects/apps/zeta-meds/vendor/laravel/framework/src/Illuminate/Container/BoundMethod.php(32): call_user_func_array(Array, Array)
#15 /Users/itcentral/Projects/apps/zeta-meds/vendor/laravel/framework/src/Illuminate/Container/BoundMethod.php(90): Illuminate\\Container\\BoundMethod::Illuminate\\Container\\{closure}()
#16 /Users/itcentral/Projects/apps/zeta-meds/vendor/laravel/framework/src/Illuminate/Container/BoundMethod.php(34): Illuminate\\Container\\BoundMethod::callBoundMethod(Object(Illuminate\\Foundation\\Application), Array, Object(Closure))
#17 /Users/itcentral/Projects/apps/zeta-meds/vendor/laravel/framework/src/Illuminate/Container/Container.php(576): Illuminate\\Container\\BoundMethod::call(Object(Illuminate\\Foundation\\Application), Array, Array, NULL)
#18 /Users/itcentral/Projects/apps/zeta-meds/vendor/laravel/framework/src/Illuminate/Console/Command.php(183): Illuminate\\Container\\Container->call(Array)
#19 /Users/itcentral/Projects/apps/zeta-meds/vendor/symfony/console/Command/Command.php(255): Illuminate\\Console\\Command->execute(Object(Symfony\\Component\\Console\\Input\\ArrayInput), Object(Illuminate\\Console\\OutputStyle))
#20 /Users/itcentral/Projects/apps/zeta-meds/vendor/laravel/framework/src/Illuminate/Console/Command.php(170): Symfony\\Component\\Console\\Command\\Command->run(Object(Symfony\\Component\\Console\\Input\\ArrayInput), Object(Illuminate\\Console\\OutputStyle))
#21 /Users/itcentral/Projects/apps/zeta-meds/vendor/laravel/framework/src/Illuminate/Console/Command.php(198): Illuminate\\Console\\Command->run(Object(Symfony\\Component\\Console\\Input\\ArrayInput), Object(Illuminate\\Console\\OutputStyle))
#22 /Users/itcentral/Projects/apps/zeta-meds/vendor/laravel/passport/src/Console/InstallCommand.php(33): Illuminate\\Console\\Command->call('passport:client', Array)
#23 [internal function]: Laravel\\Passport\\Console\\InstallCommand->handle()
#24 /Users/itcentral/Projects/apps/zeta-meds/vendor/laravel/framework/src/Illuminate/Container/BoundMethod.php(32): call_user_func_array(Array, Array)
#25 /Users/itcentral/Projects/apps/zeta-meds/vendor/laravel/framework/src/Illuminate/Container/BoundMethod.php(90): Illuminate\\Container\\BoundMethod::Illuminate\\Container\\{closure}()
#26 /Users/itcentral/Projects/apps/zeta-meds/vendor/laravel/framework/src/Illuminate/Container/BoundMethod.php(34): Illuminate\\Container\\BoundMethod::callBoundMethod(Object(Illuminate\\Foundation\\Application), Array, Object(Closure))
#27 /Users/itcentral/Projects/apps/zeta-meds/vendor/laravel/framework/src/Illuminate/Container/Container.php(576): Illuminate\\Container\\BoundMethod::call(Object(Illuminate\\Foundation\\Application), Array, Array, NULL)
#28 /Users/itcentral/Projects/apps/zeta-meds/vendor/laravel/framework/src/Illuminate/Console/Command.php(183): Illuminate\\Container\\Container->call(Array)
#29 /Users/itcentral/Projects/apps/zeta-meds/vendor/symfony/console/Command/Command.php(255): Illuminate\\Console\\Command->execute(Object(Symfony\\Component\\Console\\Input\\ArgvInput), Object(Illuminate\\Console\\OutputStyle))
#30 /Users/itcentral/Projects/apps/zeta-meds/vendor/laravel/framework/src/Illuminate/Console/Command.php(170): Symfony\\Component\\Console\\Command\\Command->run(Object(Symfony\\Component\\Console\\Input\\ArgvInput), Object(Illuminate\\Console\\OutputStyle))
#31 /Users/itcentral/Projects/apps/zeta-meds/vendor/symfony/console/Application.php(915): Illuminate\\Console\\Command->run(Object(Symfony\\Component\\Console\\Input\\ArgvInput), Object(Symfony\\Component\\Console\\Output\\ConsoleOutput))
#32 /Users/itcentral/Projects/apps/zeta-meds/vendor/symfony/console/Application.php(272): Symfony\\Component\\Console\\Application->doRunCommand(Object(Laravel\\Passport\\Console\\InstallCommand), Object(Symfony\\Component\\Console\\Input\\ArgvInput), Object(Symfony\\Component\\Console\\Output\\ConsoleOutput))
#33 /Users/itcentral/Projects/apps/zeta-meds/vendor/symfony/console/Application.php(148): Symfony\\Component\\Console\\Application->doRun(Object(Symfony\\Component\\Console\\Input\\ArgvInput), Object(Symfony\\Component\\Console\\Output\\ConsoleOutput))
#34 /Users/itcentral/Projects/apps/zeta-meds/vendor/laravel/framework/src/Illuminate/Console/Application.php(90): Symfony\\Component\\Console\\Application->run(Object(Symfony\\Component\\Console\\Input\\ArgvInput), Object(Symfony\\Component\\Console\\Output\\ConsoleOutput))
#35 /Users/itcentral/Projects/apps/zeta-meds/vendor/laravel/framework/src/Illuminate/Foundation/Console/Kernel.php(133): Illuminate\\Console\\Application->run(Object(Symfony\\Component\\Console\\Input\\ArgvInput), Object(Symfony\\Component\\Console\\Output\\ConsoleOutput))
#36 /Users/itcentral/Projects/apps/zeta-meds/artisan(37): Illuminate\\Foundation\\Console\\Kernel->handle(Object(Symfony\\Component\\Console\\Input\\ArgvInput), Object(Symfony\\Component\\Console\\Output\\ConsoleOutput))
#37 {main}
"} 
[2019-09-02 10:21:06] local.ERROR: SQLSTATE[42S02]: Base table or view not found: 1146 Table 'zetameds.oauth_clients' doesn't exist (SQL: insert into `oauth_clients` (`user_id`, `name`, `secret`, `redirect`, `personal_access_client`, `password_client`, `revoked`, `updated_at`, `created_at`) values (?, Laravel Personal Access Client, YBylQlQA1Lc7J6HXk8TpfwmG8fRMhED3JzTS0Ffz, http://localhost, 1, 0, 0, 2019-09-02 10:21:06, 2019-09-02 10:21:06)) {"exception":"[object] (Illuminate\\Database\\QueryException(code: 42S02): SQLSTATE[42S02]: Base table or view not found: 1146 Table 'zetameds.oauth_clients' doesn't exist (SQL: insert into `oauth_clients` (`user_id`, `name`, `secret`, `redirect`, `personal_access_client`, `password_client`, `revoked`, `updated_at`, `created_at`) values (?, Laravel Personal Access Client, YBylQlQA1Lc7J6HXk8TpfwmG8fRMhED3JzTS0Ffz, http://localhost, 1, 0, 0, 2019-09-02 10:21:06, 2019-09-02 10:21:06)) at /Users/itcentral/Projects/apps/zeta-meds/vendor/laravel/framework/src/Illuminate/Database/Connection.php:664, PDOException(code: 42S02): SQLSTATE[42S02]: Base table or view not found: 1146 Table 'zetameds.oauth_clients' doesn't exist at /Users/itcentral/Projects/apps/zeta-meds/vendor/laravel/framework/src/Illuminate/Database/Connection.php:452)
[stacktrace]
#0 /Users/itcentral/Projects/apps/zeta-meds/vendor/laravel/framework/src/Illuminate/Database/Connection.php(624): Illuminate\\Database\\Connection->runQueryCallback('insert into `oa...', Array, Object(Closure))
#1 /Users/itcentral/Projects/apps/zeta-meds/vendor/laravel/framework/src/Illuminate/Database/Connection.php(459): Illuminate\\Database\\Connection->run('insert into `oa...', Array, Object(Closure))
#2 /Users/itcentral/Projects/apps/zeta-meds/vendor/laravel/framework/src/Illuminate/Database/Connection.php(411): Illuminate\\Database\\Connection->statement('insert into `oa...', Array)
#3 /Users/itcentral/Projects/apps/zeta-meds/vendor/laravel/framework/src/Illuminate/Database/Query/Processors/Processor.php(32): Illuminate\\Database\\Connection->insert('insert into `oa...', Array)
#4 /Users/itcentral/Projects/apps/zeta-meds/vendor/laravel/framework/src/Illuminate/Database/Query/Builder.php(2690): Illuminate\\Database\\Query\\Processors\\Processor->processInsertGetId(Object(Illuminate\\Database\\Query\\Builder), 'insert into `oa...', Array, 'id')
#5 /Users/itcentral/Projects/apps/zeta-meds/vendor/laravel/framework/src/Illuminate/Database/Eloquent/Builder.php(1353): Illuminate\\Database\\Query\\Builder->insertGetId(Array, 'id')
#6 /Users/itcentral/Projects/apps/zeta-meds/vendor/laravel/framework/src/Illuminate/Database/Eloquent/Model.php(839): Illuminate\\Database\\Eloquent\\Builder->__call('insertGetId', Array)
#7 /Users/itcentral/Projects/apps/zeta-meds/vendor/laravel/framework/src/Illuminate/Database/Eloquent/Model.php(804): Illuminate\\Database\\Eloquent\\Model->insertAndSetId(Object(Illuminate\\Database\\Eloquent\\Builder), Array)
#8 /Users/itcentral/Projects/apps/zeta-meds/vendor/laravel/framework/src/Illuminate/Database/Eloquent/Model.php(667): Illuminate\\Database\\Eloquent\\Model->performInsert(Object(Illuminate\\Database\\Eloquent\\Builder))
#9 /Users/itcentral/Projects/apps/zeta-meds/vendor/laravel/passport/src/ClientRepository.php(123): Illuminate\\Database\\Eloquent\\Model->save()
#10 /Users/itcentral/Projects/apps/zeta-meds/vendor/laravel/passport/src/ClientRepository.php(138): Laravel\\Passport\\ClientRepository->create(NULL, 'Laravel Persona...', 'http://localhos...', true)
#11 /Users/itcentral/Projects/apps/zeta-meds/vendor/laravel/passport/src/Console/ClientCommand.php(64): Laravel\\Passport\\ClientRepository->createPersonalAccessClient(NULL, 'Laravel Persona...', 'http://localhos...')
#12 /Users/itcentral/Projects/apps/zeta-meds/vendor/laravel/passport/src/Console/ClientCommand.php(40): Laravel\\Passport\\Console\\ClientCommand->createPersonalClient(Object(Laravel\\Passport\\ClientRepository))
#13 [internal function]: Laravel\\Passport\\Console\\ClientCommand->handle(Object(Laravel\\Passport\\ClientRepository))
#14 /Users/itcentral/Projects/apps/zeta-meds/vendor/laravel/framework/src/Illuminate/Container/BoundMethod.php(32): call_user_func_array(Array, Array)
#15 /Users/itcentral/Projects/apps/zeta-meds/vendor/laravel/framework/src/Illuminate/Container/BoundMethod.php(90): Illuminate\\Container\\BoundMethod::Illuminate\\Container\\{closure}()
#16 /Users/itcentral/Projects/apps/zeta-meds/vendor/laravel/framework/src/Illuminate/Container/BoundMethod.php(34): Illuminate\\Container\\BoundMethod::callBoundMethod(Object(Illuminate\\Foundation\\Application), Array, Object(Closure))
#17 /Users/itcentral/Projects/apps/zeta-meds/vendor/laravel/framework/src/Illuminate/Container/Container.php(576): Illuminate\\Container\\BoundMethod::call(Object(Illuminate\\Foundation\\Application), Array, Array, NULL)
#18 /Users/itcentral/Projects/apps/zeta-meds/vendor/laravel/framework/src/Illuminate/Console/Command.php(183): Illuminate\\Container\\Container->call(Array)
#19 /Users/itcentral/Projects/apps/zeta-meds/vendor/symfony/console/Command/Command.php(255): Illuminate\\Console\\Command->execute(Object(Symfony\\Component\\Console\\Input\\ArrayInput), Object(Illuminate\\Console\\OutputStyle))
#20 /Users/itcentral/Projects/apps/zeta-meds/vendor/laravel/framework/src/Illuminate/Console/Command.php(170): Symfony\\Component\\Console\\Command\\Command->run(Object(Symfony\\Component\\Console\\Input\\ArrayInput), Object(Illuminate\\Console\\OutputStyle))
#21 /Users/itcentral/Projects/apps/zeta-meds/vendor/laravel/framework/src/Illuminate/Console/Command.php(198): Illuminate\\Console\\Command->run(Object(Symfony\\Component\\Console\\Input\\ArrayInput), Object(Illuminate\\Console\\OutputStyle))
#22 /Users/itcentral/Projects/apps/zeta-meds/vendor/laravel/passport/src/Console/InstallCommand.php(33): Illuminate\\Console\\Command->call('passport:client', Array)
#23 [internal function]: Laravel\\Passport\\Console\\InstallCommand->handle()
#24 /Users/itcentral/Projects/apps/zeta-meds/vendor/laravel/framework/src/Illuminate/Container/BoundMethod.php(32): call_user_func_array(Array, Array)
#25 /Users/itcentral/Projects/apps/zeta-meds/vendor/laravel/framework/src/Illuminate/Container/BoundMethod.php(90): Illuminate\\Container\\BoundMethod::Illuminate\\Container\\{closure}()
#26 /Users/itcentral/Projects/apps/zeta-meds/vendor/laravel/framework/src/Illuminate/Container/BoundMethod.php(34): Illuminate\\Container\\BoundMethod::callBoundMethod(Object(Illuminate\\Foundation\\Application), Array, Object(Closure))
#27 /Users/itcentral/Projects/apps/zeta-meds/vendor/laravel/framework/src/Illuminate/Container/Container.php(576): Illuminate\\Container\\BoundMethod::call(Object(Illuminate\\Foundation\\Application), Array, Array, NULL)
#28 /Users/itcentral/Projects/apps/zeta-meds/vendor/laravel/framework/src/Illuminate/Console/Command.php(183): Illuminate\\Container\\Container->call(Array)
#29 /Users/itcentral/Projects/apps/zeta-meds/vendor/symfony/console/Command/Command.php(255): Illuminate\\Console\\Command->execute(Object(Symfony\\Component\\Console\\Input\\ArgvInput), Object(Illuminate\\Console\\OutputStyle))
#30 /Users/itcentral/Projects/apps/zeta-meds/vendor/laravel/framework/src/Illuminate/Console/Command.php(170): Symfony\\Component\\Console\\Command\\Command->run(Object(Symfony\\Component\\Console\\Input\\ArgvInput), Object(Illuminate\\Console\\OutputStyle))
#31 /Users/itcentral/Projects/apps/zeta-meds/vendor/symfony/console/Application.php(915): Illuminate\\Console\\Command->run(Object(Symfony\\Component\\Console\\Input\\ArgvInput), Object(Symfony\\Component\\Console\\Output\\ConsoleOutput))
#32 /Users/itcentral/Projects/apps/zeta-meds/vendor/symfony/console/Application.php(272): Symfony\\Component\\Console\\Application->doRunCommand(Object(Laravel\\Passport\\Console\\InstallCommand), Object(Symfony\\Component\\Console\\Input\\ArgvInput), Object(Symfony\\Component\\Console\\Output\\ConsoleOutput))
#33 /Users/itcentral/Projects/apps/zeta-meds/vendor/symfony/console/Application.php(148): Symfony\\Component\\Console\\Application->doRun(Object(Symfony\\Component\\Console\\Input\\ArgvInput), Object(Symfony\\Component\\Console\\Output\\ConsoleOutput))
#34 /Users/itcentral/Projects/apps/zeta-meds/vendor/laravel/framework/src/Illuminate/Console/Application.php(90): Symfony\\Component\\Console\\Application->run(Object(Symfony\\Component\\Console\\Input\\ArgvInput), Object(Symfony\\Component\\Console\\Output\\ConsoleOutput))
#35 /Users/itcentral/Projects/apps/zeta-meds/vendor/laravel/framework/src/Illuminate/Foundation/Console/Kernel.php(133): Illuminate\\Console\\Application->run(Object(Symfony\\Component\\Console\\Input\\ArgvInput), Object(Symfony\\Component\\Console\\Output\\ConsoleOutput))
#36 /Users/itcentral/Projects/apps/zeta-meds/artisan(37): Illuminate\\Foundation\\Console\\Kernel->handle(Object(Symfony\\Component\\Console\\Input\\ArgvInput), Object(Symfony\\Component\\Console\\Output\\ConsoleOutput))
#37 {main}
"} 
[2019-09-02 10:42:52] local.ERROR: The user credentials were incorrect. {"exception":"[object] (League\\OAuth2\\Server\\Exception\\OAuthServerException(code: 6): The user credentials were incorrect. at /Users/itcentral/Projects/apps/zeta-meds/vendor/league/oauth2-server/src/Exception/OAuthServerException.php:172)
[stacktrace]
#0 /Users/itcentral/Projects/apps/zeta-meds/vendor/league/oauth2-server/src/Grant/PasswordGrant.php(104): League\\OAuth2\\Server\\Exception\\OAuthServerException::invalidCredentials()
#1 /Users/itcentral/Projects/apps/zeta-meds/vendor/league/oauth2-server/src/Grant/PasswordGrant.php(54): League\\OAuth2\\Server\\Grant\\PasswordGrant->validateUser(Object(Zend\\Diactoros\\ServerRequest), Object(Laravel\\Passport\\Bridge\\Client))
#2 /Users/itcentral/Projects/apps/zeta-meds/vendor/league/oauth2-server/src/AuthorizationServer.php(198): League\\OAuth2\\Server\\Grant\\PasswordGrant->respondToAccessTokenRequest(Object(Zend\\Diactoros\\ServerRequest), Object(League\\OAuth2\\Server\\ResponseTypes\\BearerTokenResponse), Object(DateInterval))
#3 /Users/itcentral/Projects/apps/zeta-meds/vendor/laravel/passport/src/Http/Controllers/AccessTokenController.php(63): League\\OAuth2\\Server\\AuthorizationServer->respondToAccessTokenRequest(Object(Zend\\Diactoros\\ServerRequest), Object(Zend\\Diactoros\\Response))
#4 /Users/itcentral/Projects/apps/zeta-meds/vendor/laravel/passport/src/Http/Controllers/HandlesOAuthErrors.php(28): Laravel\\Passport\\Http\\Controllers\\AccessTokenController->Laravel\\Passport\\Http\\Controllers\\{closure}()
#5 /Users/itcentral/Projects/apps/zeta-meds/vendor/laravel/passport/src/Http/Controllers/AccessTokenController.php(65): Laravel\\Passport\\Http\\Controllers\\AccessTokenController->withErrorHandling(Object(Closure))
#6 /Users/itcentral/Projects/apps/zeta-meds/vendor/laravel/framework/src/Illuminate/Routing/ControllerDispatcher.php(48): Laravel\\Passport\\Http\\Controllers\\AccessTokenController->issueToken(Object(Zend\\Diactoros\\ServerRequest))
#7 /Users/itcentral/Projects/apps/zeta-meds/vendor/laravel/framework/src/Illuminate/Routing/Route.php(219): Illuminate\\Routing\\ControllerDispatcher->dispatch(Object(Illuminate\\Routing\\Route), Object(Laravel\\Passport\\Http\\Controllers\\AccessTokenController), 'issueToken')
#8 /Users/itcentral/Projects/apps/zeta-meds/vendor/laravel/framework/src/Illuminate/Routing/Route.php(176): Illuminate\\Routing\\Route->runController()
#9 /Users/itcentral/Projects/apps/zeta-meds/vendor/laravel/framework/src/Illuminate/Routing/Router.php(680): Illuminate\\Routing\\Route->run()
#10 /Users/itcentral/Projects/apps/zeta-meds/vendor/laravel/framework/src/Illuminate/Routing/Pipeline.php(30): Illuminate\\Routing\\Router->Illuminate\\Routing\\{closure}(Object(Illuminate\\Http\\Request))
#11 /Users/itcentral/Projects/apps/zeta-meds/vendor/laravel/framework/src/Illuminate/Routing/Middleware/ThrottleRequests.php(58): Illuminate\\Routing\\Pipeline->Illuminate\\Routing\\{closure}(Object(Illuminate\\Http\\Request))
#12 /Users/itcentral/Projects/apps/zeta-meds/vendor/laravel/framework/src/Illuminate/Pipeline/Pipeline.php(163): Illuminate\\Routing\\Middleware\\ThrottleRequests->handle(Object(Illuminate\\Http\\Request), Object(Closure))
#13 /Users/itcentral/Projects/apps/zeta-meds/vendor/laravel/framework/src/Illuminate/Routing/Pipeline.php(53): Illuminate\\Pipeline\\Pipeline->Illuminate\\Pipeline\\{closure}(Object(Illuminate\\Http\\Request))
#14 /Users/itcentral/Projects/apps/zeta-meds/vendor/laravel/framework/src/Illuminate/Pipeline/Pipeline.php(104): Illuminate\\Routing\\Pipeline->Illuminate\\Routing\\{closure}(Object(Illuminate\\Http\\Request))
#15 /Users/itcentral/Projects/apps/zeta-meds/vendor/laravel/framework/src/Illuminate/Routing/Router.php(682): Illuminate\\Pipeline\\Pipeline->then(Object(Closure))
#16 /Users/itcentral/Projects/apps/zeta-meds/vendor/laravel/framework/src/Illuminate/Routing/Router.php(657): Illuminate\\Routing\\Router->runRouteWithinStack(Object(Illuminate\\Routing\\Route), Object(Illuminate\\Http\\Request))
#17 /Users/itcentral/Projects/apps/zeta-meds/vendor/laravel/framework/src/Illuminate/Routing/Router.php(623): Illuminate\\Routing\\Router->runRoute(Object(Illuminate\\Http\\Request), Object(Illuminate\\Routing\\Route))
#18 /Users/itcentral/Projects/apps/zeta-meds/vendor/laravel/framework/src/Illuminate/Routing/Router.php(612): Illuminate\\Routing\\Router->dispatchToRoute(Object(Illuminate\\Http\\Request))
#19 /Users/itcentral/Projects/apps/zeta-meds/vendor/laravel/framework/src/Illuminate/Foundation/Http/Kernel.php(176): Illuminate\\Routing\\Router->dispatch(Object(Illuminate\\Http\\Request))
#20 /Users/itcentral/Projects/apps/zeta-meds/vendor/laravel/framework/src/Illuminate/Routing/Pipeline.php(30): Illuminate\\Foundation\\Http\\Kernel->Illuminate\\Foundation\\Http\\{closure}(Object(Illuminate\\Http\\Request))
#21 /Users/itcentral/Projects/apps/zeta-meds/vendor/fideloper/proxy/src/TrustProxies.php(57): Illuminate\\Routing\\Pipeline->Illuminate\\Routing\\{closure}(Object(Illuminate\\Http\\Request))
#22 /Users/itcentral/Projects/apps/zeta-meds/vendor/laravel/framework/src/Illuminate/Pipeline/Pipeline.php(163): Fideloper\\Proxy\\TrustProxies->handle(Object(Illuminate\\Http\\Request), Object(Closure))
#23 /Users/itcentral/Projects/apps/zeta-meds/vendor/laravel/framework/src/Illuminate/Routing/Pipeline.php(53): Illuminate\\Pipeline\\Pipeline->Illuminate\\Pipeline\\{closure}(Object(Illuminate\\Http\\Request))
#24 /Users/itcentral/Projects/apps/zeta-meds/vendor/laravel/framework/src/Illuminate/Foundation/Http/Middleware/TransformsRequest.php(21): Illuminate\\Routing\\Pipeline->Illuminate\\Routing\\{closure}(Object(Illuminate\\Http\\Request))
#25 /Users/itcentral/Projects/apps/zeta-meds/vendor/laravel/framework/src/Illuminate/Pipeline/Pipeline.php(163): Illuminate\\Foundation\\Http\\Middleware\\TransformsRequest->handle(Object(Illuminate\\Http\\Request), Object(Closure))
#26 /Users/itcentral/Projects/apps/zeta-meds/vendor/laravel/framework/src/Illuminate/Routing/Pipeline.php(53): Illuminate\\Pipeline\\Pipeline->Illuminate\\Pipeline\\{closure}(Object(Illuminate\\Http\\Request))
#27 /Users/itcentral/Projects/apps/zeta-meds/vendor/laravel/framework/src/Illuminate/Foundation/Http/Middleware/TransformsRequest.php(21): Illuminate\\Routing\\Pipeline->Illuminate\\Routing\\{closure}(Object(Illuminate\\Http\\Request))
#28 /Users/itcentral/Projects/apps/zeta-meds/vendor/laravel/framework/src/Illuminate/Pipeline/Pipeline.php(163): Illuminate\\Foundation\\Http\\Middleware\\TransformsRequest->handle(Object(Illuminate\\Http\\Request), Object(Closure))
#29 /Users/itcentral/Projects/apps/zeta-meds/vendor/laravel/framework/src/Illuminate/Routing/Pipeline.php(53): Illuminate\\Pipeline\\Pipeline->Illuminate\\Pipeline\\{closure}(Object(Illuminate\\Http\\Request))
#30 /Users/itcentral/Projects/apps/zeta-meds/vendor/laravel/framework/src/Illuminate/Foundation/Http/Middleware/ValidatePostSize.php(27): Illuminate\\Routing\\Pipeline->Illuminate\\Routing\\{closure}(Object(Illuminate\\Http\\Request))
#31 /Users/itcentral/Projects/apps/zeta-meds/vendor/laravel/framework/src/Illuminate/Pipeline/Pipeline.php(163): Illuminate\\Foundation\\Http\\Middleware\\ValidatePostSize->handle(Object(Illuminate\\Http\\Request), Object(Closure))
#32 /Users/itcentral/Projects/apps/zeta-meds/vendor/laravel/framework/src/Illuminate/Routing/Pipeline.php(53): Illuminate\\Pipeline\\Pipeline->Illuminate\\Pipeline\\{closure}(Object(Illuminate\\Http\\Request))
#33 /Users/itcentral/Projects/apps/zeta-meds/vendor/laravel/framework/src/Illuminate/Foundation/Http/Middleware/CheckForMaintenanceMode.php(62): Illuminate\\Routing\\Pipeline->Illuminate\\Routing\\{closure}(Object(Illuminate\\Http\\Request))
#34 /Users/itcentral/Projects/apps/zeta-meds/vendor/laravel/framework/src/Illuminate/Pipeline/Pipeline.php(163): Illuminate\\Foundation\\Http\\Middleware\\CheckForMaintenanceMode->handle(Object(Illuminate\\Http\\Request), Object(Closure))
#35 /Users/itcentral/Projects/apps/zeta-meds/vendor/laravel/framework/src/Illuminate/Routing/Pipeline.php(53): Illuminate\\Pipeline\\Pipeline->Illuminate\\Pipeline\\{closure}(Object(Illuminate\\Http\\Request))
#36 /Users/itcentral/Projects/apps/zeta-meds/vendor/laravel/framework/src/Illuminate/Pipeline/Pipeline.php(104): Illuminate\\Routing\\Pipeline->Illuminate\\Routing\\{closure}(Object(Illuminate\\Http\\Request))
#37 /Users/itcentral/Projects/apps/zeta-meds/vendor/laravel/framework/src/Illuminate/Foundation/Http/Kernel.php(151): Illuminate\\Pipeline\\Pipeline->then(Object(Closure))
#38 /Users/itcentral/Projects/apps/zeta-meds/vendor/laravel/framework/src/Illuminate/Foundation/Http/Kernel.php(116): Illuminate\\Foundation\\Http\\Kernel->sendRequestThroughRouter(Object(Illuminate\\Http\\Request))
#39 /Users/itcentral/Projects/apps/zeta-meds/vendor/laravel/framework/src/Illuminate/Foundation/Application.php(875): Illuminate\\Foundation\\Http\\Kernel->handle(Object(Illuminate\\Http\\Request))
#40 /Users/itcentral/Projects/apps/zeta-meds/vendor/joselfonseca/lighthouse-graphql-passport-auth/src/GraphQL/Mutations/BaseAuthResolver.php(29): Illuminate\\Foundation\\Application->handle(Object(Illuminate\\Http\\Request))
#41 /Users/itcentral/Projects/apps/zeta-meds/vendor/joselfonseca/lighthouse-graphql-passport-auth/src/GraphQL/Mutations/Login.php(21): Joselfonseca\\LighthouseGraphQLPassport\\GraphQL\\Mutations\\BaseAuthResolver->makeRequest(Array)
#42 /Users/itcentral/Projects/apps/zeta-meds/vendor/nuwave/lighthouse/src/Schema/Directives/FieldDirective.php(45): Joselfonseca\\LighthouseGraphQLPassport\\GraphQL\\Mutations\\Login->resolve(NULL, Array, Object(Nuwave\\Lighthouse\\Schema\\Context), Object(GraphQL\\Type\\Definition\\ResolveInfo))
#43 /Users/itcentral/Projects/apps/zeta-meds/vendor/nuwave/lighthouse/src/Schema/Factories/FieldFactory.php(226): Nuwave\\Lighthouse\\Schema\\Directives\\FieldDirective->Nuwave\\Lighthouse\\Schema\\Directives\\{closure}(NULL, Array, Object(Nuwave\\Lighthouse\\Schema\\Context), Object(GraphQL\\Type\\Definition\\ResolveInfo))
#44 /Users/itcentral/Projects/apps/zeta-meds/vendor/webonyx/graphql-php/src/Executor/ReferenceExecutor.php(632): Nuwave\\Lighthouse\\Schema\\Factories\\FieldFactory->Nuwave\\Lighthouse\\Schema\\Factories\\{closure}(NULL, Array, Object(Nuwave\\Lighthouse\\Schema\\Context), Object(GraphQL\\Type\\Definition\\ResolveInfo))
#45 /Users/itcentral/Projects/apps/zeta-meds/vendor/webonyx/graphql-php/src/Executor/ReferenceExecutor.php(555): GraphQL\\Executor\\ReferenceExecutor->resolveOrError(Object(GraphQL\\Type\\Definition\\FieldDefinition), Object(GraphQL\\Language\\AST\\FieldNode), Object(Closure), NULL, Object(Nuwave\\Lighthouse\\Schema\\Context), Object(GraphQL\\Type\\Definition\\ResolveInfo))
#46 /Users/itcentral/Projects/apps/zeta-meds/vendor/webonyx/graphql-php/src/Executor/ReferenceExecutor.php(478): GraphQL\\Executor\\ReferenceExecutor->resolveField(Object(GraphQL\\Type\\Definition\\ObjectType), NULL, Object(ArrayObject), Array)
#47 /Users/itcentral/Projects/apps/zeta-meds/vendor/webonyx/graphql-php/src/Executor/ReferenceExecutor.php(921): GraphQL\\Executor\\ReferenceExecutor->GraphQL\\Executor\\{closure}(Array, 'login')
#48 [internal function]: GraphQL\\Executor\\ReferenceExecutor->GraphQL\\Executor\\{closure}(Array, 'login')
#49 /Users/itcentral/Projects/apps/zeta-meds/vendor/webonyx/graphql-php/src/Executor/ReferenceExecutor.php(923): array_reduce(Array, Object(Closure), Array)
#50 /Users/itcentral/Projects/apps/zeta-meds/vendor/webonyx/graphql-php/src/Executor/ReferenceExecutor.php(494): GraphQL\\Executor\\ReferenceExecutor->promiseReduce(Array, Object(Closure), Array)
#51 /Users/itcentral/Projects/apps/zeta-meds/vendor/webonyx/graphql-php/src/Executor/ReferenceExecutor.php(256): GraphQL\\Executor\\ReferenceExecutor->executeFieldsSerially(Object(GraphQL\\Type\\Definition\\ObjectType), NULL, Array, Object(ArrayObject))
#52 /Users/itcentral/Projects/apps/zeta-meds/vendor/webonyx/graphql-php/src/Executor/ReferenceExecutor.php(208): GraphQL\\Executor\\ReferenceExecutor->executeOperation(Object(GraphQL\\Language\\AST\\OperationDefinitionNode), NULL)
#53 /Users/itcentral/Projects/apps/zeta-meds/vendor/webonyx/graphql-php/src/Executor/Executor.php(155): GraphQL\\Executor\\ReferenceExecutor->doExecute()
#54 /Users/itcentral/Projects/apps/zeta-meds/vendor/webonyx/graphql-php/src/GraphQL.php(158): GraphQL\\Executor\\Executor::promiseToExecute(Object(GraphQL\\Executor\\Promise\\Adapter\\SyncPromiseAdapter), Object(GraphQL\\Type\\Schema), Object(GraphQL\\Language\\AST\\DocumentNode), NULL, Object(Nuwave\\Lighthouse\\Schema\\Context), Array, NULL, NULL)
#55 /Users/itcentral/Projects/apps/zeta-meds/vendor/webonyx/graphql-php/src/GraphQL.php(90): GraphQL\\GraphQL::promiseToExecute(Object(GraphQL\\Executor\\Promise\\Adapter\\SyncPromiseAdapter), Object(GraphQL\\Type\\Schema), 'mutation {\
  lo...', NULL, Object(Nuwave\\Lighthouse\\Schema\\Context), Array, NULL, NULL, Array)
#56 /Users/itcentral/Projects/apps/zeta-meds/vendor/nuwave/lighthouse/src/GraphQL.php(177): GraphQL\\GraphQL::executeQuery(Object(GraphQL\\Type\\Schema), 'mutation {\
  lo...', NULL, Object(Nuwave\\Lighthouse\\Schema\\Context), Array, NULL, NULL, Array)
#57 /Users/itcentral/Projects/apps/zeta-meds/vendor/nuwave/lighthouse/src/GraphQL.php(116): Nuwave\\Lighthouse\\GraphQL->executeQuery('mutation {\
  lo...', Object(Nuwave\\Lighthouse\\Schema\\Context), Array, NULL, NULL)
#58 /Users/itcentral/Projects/apps/zeta-meds/vendor/nuwave/lighthouse/src/Support/Http/Controllers/GraphQLController.php(70): Nuwave\\Lighthouse\\GraphQL->executeRequest(Object(Nuwave\\Lighthouse\\Execution\\LighthouseRequest))
#59 [internal function]: Nuwave\\Lighthouse\\Support\\Http\\Controllers\\GraphQLController->query(Object(Nuwave\\Lighthouse\\Execution\\LighthouseRequest))
#60 /Users/itcentral/Projects/apps/zeta-meds/vendor/laravel/framework/src/Illuminate/Routing/Controller.php(54): call_user_func_array(Array, Array)
#61 /Users/itcentral/Projects/apps/zeta-meds/vendor/laravel/framework/src/Illuminate/Routing/ControllerDispatcher.php(45): Illuminate\\Routing\\Controller->callAction('query', Array)
#62 /Users/itcentral/Projects/apps/zeta-meds/vendor/laravel/framework/src/Illuminate/Routing/Route.php(219): Illuminate\\Routing\\ControllerDispatcher->dispatch(Object(Illuminate\\Routing\\Route), Object(Nuwave\\Lighthouse\\Support\\Http\\Controllers\\GraphQLController), 'query')
#63 /Users/itcentral/Projects/apps/zeta-meds/vendor/laravel/framework/src/Illuminate/Routing/Route.php(176): Illuminate\\Routing\\Route->runController()
#64 /Users/itcentral/Projects/apps/zeta-meds/vendor/laravel/framework/src/Illuminate/Routing/Router.php(680): Illuminate\\Routing\\Route->run()
#65 /Users/itcentral/Projects/apps/zeta-meds/vendor/laravel/framework/src/Illuminate/Routing/Pipeline.php(30): Illuminate\\Routing\\Router->Illuminate\\Routing\\{closure}(Object(Illuminate\\Http\\Request))
#66 /Users/itcentral/Projects/apps/zeta-meds/vendor/nuwave/lighthouse/src/Support/Http/Middleware/AcceptJson.php(30): Illuminate\\Routing\\Pipeline->Illuminate\\Routing\\{closure}(Object(Illuminate\\Http\\Request))
#67 /Users/itcentral/Projects/apps/zeta-meds/vendor/laravel/framework/src/Illuminate/Pipeline/Pipeline.php(163): Nuwave\\Lighthouse\\Support\\Http\\Middleware\\AcceptJson->handle(Object(Illuminate\\Http\\Request), Object(Closure))
#68 /Users/itcentral/Projects/apps/zeta-meds/vendor/laravel/framework/src/Illuminate/Routing/Pipeline.php(53): Illuminate\\Pipeline\\Pipeline->Illuminate\\Pipeline\\{closure}(Object(Illuminate\\Http\\Request))
#69 /Users/itcentral/Projects/apps/zeta-meds/vendor/laravel/framework/src/Illuminate/Pipeline/Pipeline.php(104): Illuminate\\Routing\\Pipeline->Illuminate\\Routing\\{closure}(Object(Illuminate\\Http\\Request))
#70 /Users/itcentral/Projects/apps/zeta-meds/vendor/laravel/framework/src/Illuminate/Routing/Router.php(682): Illuminate\\Pipeline\\Pipeline->then(Object(Closure))
#71 /Users/itcentral/Projects/apps/zeta-meds/vendor/laravel/framework/src/Illuminate/Routing/Router.php(657): Illuminate\\Routing\\Router->runRouteWithinStack(Object(Illuminate\\Routing\\Route), Object(Illuminate\\Http\\Request))
#72 /Users/itcentral/Projects/apps/zeta-meds/vendor/laravel/framework/src/Illuminate/Routing/Router.php(623): Illuminate\\Routing\\Router->runRoute(Object(Illuminate\\Http\\Request), Object(Illuminate\\Routing\\Route))
#73 /Users/itcentral/Projects/apps/zeta-meds/vendor/laravel/framework/src/Illuminate/Routing/Router.php(612): Illuminate\\Routing\\Router->dispatchToRoute(Object(Illuminate\\Http\\Request))
#74 /Users/itcentral/Projects/apps/zeta-meds/vendor/laravel/framework/src/Illuminate/Foundation/Http/Kernel.php(176): Illuminate\\Routing\\Router->dispatch(Object(Illuminate\\Http\\Request))
#75 /Users/itcentral/Projects/apps/zeta-meds/vendor/laravel/framework/src/Illuminate/Routing/Pipeline.php(30): Illuminate\\Foundation\\Http\\Kernel->Illuminate\\Foundation\\Http\\{closure}(Object(Illuminate\\Http\\Request))
#76 /Users/itcentral/Projects/apps/zeta-meds/vendor/fideloper/proxy/src/TrustProxies.php(57): Illuminate\\Routing\\Pipeline->Illuminate\\Routing\\{closure}(Object(Illuminate\\Http\\Request))
#77 /Users/itcentral/Projects/apps/zeta-meds/vendor/laravel/framework/src/Illuminate/Pipeline/Pipeline.php(163): Fideloper\\Proxy\\TrustProxies->handle(Object(Illuminate\\Http\\Request), Object(Closure))
#78 /Users/itcentral/Projects/apps/zeta-meds/vendor/laravel/framework/src/Illuminate/Routing/Pipeline.php(53): Illuminate\\Pipeline\\Pipeline->Illuminate\\Pipeline\\{closure}(Object(Illuminate\\Http\\Request))
#79 /Users/itcentral/Projects/apps/zeta-meds/vendor/laravel/framework/src/Illuminate/Foundation/Http/Middleware/TransformsRequest.php(21): Illuminate\\Routing\\Pipeline->Illuminate\\Routing\\{closure}(Object(Illuminate\\Http\\Request))
#80 /Users/itcentral/Projects/apps/zeta-meds/vendor/laravel/framework/src/Illuminate/Pipeline/Pipeline.php(163): Illuminate\\Foundation\\Http\\Middleware\\TransformsRequest->handle(Object(Illuminate\\Http\\Request), Object(Closure))
#81 /Users/itcentral/Projects/apps/zeta-meds/vendor/laravel/framework/src/Illuminate/Routing/Pipeline.php(53): Illuminate\\Pipeline\\Pipeline->Illuminate\\Pipeline\\{closure}(Object(Illuminate\\Http\\Request))
#82 /Users/itcentral/Projects/apps/zeta-meds/vendor/laravel/framework/src/Illuminate/Foundation/Http/Middleware/TransformsRequest.php(21): Illuminate\\Routing\\Pipeline->Illuminate\\Routing\\{closure}(Object(Illuminate\\Http\\Request))
#83 /Users/itcentral/Projects/apps/zeta-meds/vendor/laravel/framework/src/Illuminate/Pipeline/Pipeline.php(163): Illuminate\\Foundation\\Http\\Middleware\\TransformsRequest->handle(Object(Illuminate\\Http\\Request), Object(Closure))
#84 /Users/itcentral/Projects/apps/zeta-meds/vendor/laravel/framework/src/Illuminate/Routing/Pipeline.php(53): Illuminate\\Pipeline\\Pipeline->Illuminate\\Pipeline\\{closure}(Object(Illuminate\\Http\\Request))
#85 /Users/itcentral/Projects/apps/zeta-meds/vendor/laravel/framework/src/Illuminate/Foundation/Http/Middleware/ValidatePostSize.php(27): Illuminate\\Routing\\Pipeline->Illuminate\\Routing\\{closure}(Object(Illuminate\\Http\\Request))
#86 /Users/itcentral/Projects/apps/zeta-meds/vendor/laravel/framework/src/Illuminate/Pipeline/Pipeline.php(163): Illuminate\\Foundation\\Http\\Middleware\\ValidatePostSize->handle(Object(Illuminate\\Http\\Request), Object(Closure))
#87 /Users/itcentral/Projects/apps/zeta-meds/vendor/laravel/framework/src/Illuminate/Routing/Pipeline.php(53): Illuminate\\Pipeline\\Pipeline->Illuminate\\Pipeline\\{closure}(Object(Illuminate\\Http\\Request))
#88 /Users/itcentral/Projects/apps/zeta-meds/vendor/laravel/framework/src/Illuminate/Foundation/Http/Middleware/CheckForMaintenanceMode.php(62): Illuminate\\Routing\\Pipeline->Illuminate\\Routing\\{closure}(Object(Illuminate\\Http\\Request))
#89 /Users/itcentral/Projects/apps/zeta-meds/vendor/laravel/framework/src/Illuminate/Pipeline/Pipeline.php(163): Illuminate\\Foundation\\Http\\Middleware\\CheckForMaintenanceMode->handle(Object(Illuminate\\Http\\Request), Object(Closure))
#90 /Users/itcentral/Projects/apps/zeta-meds/vendor/laravel/framework/src/Illuminate/Routing/Pipeline.php(53): Illuminate\\Pipeline\\Pipeline->Illuminate\\Pipeline\\{closure}(Object(Illuminate\\Http\\Request))
#91 /Users/itcentral/Projects/apps/zeta-meds/vendor/laravel/framework/src/Illuminate/Pipeline/Pipeline.php(104): Illuminate\\Routing\\Pipeline->Illuminate\\Routing\\{closure}(Object(Illuminate\\Http\\Request))
#92 /Users/itcentral/Projects/apps/zeta-meds/vendor/laravel/framework/src/Illuminate/Foundation/Http/Kernel.php(151): Illuminate\\Pipeline\\Pipeline->then(Object(Closure))
#93 /Users/itcentral/Projects/apps/zeta-meds/vendor/laravel/framework/src/Illuminate/Foundation/Http/Kernel.php(116): Illuminate\\Foundation\\Http\\Kernel->sendRequestThroughRouter(Object(Illuminate\\Http\\Request))
#94 /Users/itcentral/Projects/apps/zeta-meds/public/index.php(55): Illuminate\\Foundation\\Http\\Kernel->handle(Object(Illuminate\\Http\\Request))
#95 /Users/itcentral/Projects/apps/zeta-meds/server.php(21): require_once('/Users/itcentra...')
#96 {main}
"} 
[2019-09-02 10:43:02] local.ERROR: The user credentials were incorrect. {"exception":"[object] (League\\OAuth2\\Server\\Exception\\OAuthServerException(code: 6): The user credentials were incorrect. at /Users/itcentral/Projects/apps/zeta-meds/vendor/league/oauth2-server/src/Exception/OAuthServerException.php:172)
[stacktrace]
#0 /Users/itcentral/Projects/apps/zeta-meds/vendor/league/oauth2-server/src/Grant/PasswordGrant.php(104): League\\OAuth2\\Server\\Exception\\OAuthServerException::invalidCredentials()
#1 /Users/itcentral/Projects/apps/zeta-meds/vendor/league/oauth2-server/src/Grant/PasswordGrant.php(54): League\\OAuth2\\Server\\Grant\\PasswordGrant->validateUser(Object(Zend\\Diactoros\\ServerRequest), Object(Laravel\\Passport\\Bridge\\Client))
#2 /Users/itcentral/Projects/apps/zeta-meds/vendor/league/oauth2-server/src/AuthorizationServer.php(198): League\\OAuth2\\Server\\Grant\\PasswordGrant->respondToAccessTokenRequest(Object(Zend\\Diactoros\\ServerRequest), Object(League\\OAuth2\\Server\\ResponseTypes\\BearerTokenResponse), Object(DateInterval))
#3 /Users/itcentral/Projects/apps/zeta-meds/vendor/laravel/passport/src/Http/Controllers/AccessTokenController.php(63): League\\OAuth2\\Server\\AuthorizationServer->respondToAccessTokenRequest(Object(Zend\\Diactoros\\ServerRequest), Object(Zend\\Diactoros\\Response))
#4 /Users/itcentral/Projects/apps/zeta-meds/vendor/laravel/passport/src/Http/Controllers/HandlesOAuthErrors.php(28): Laravel\\Passport\\Http\\Controllers\\AccessTokenController->Laravel\\Passport\\Http\\Controllers\\{closure}()
#5 /Users/itcentral/Projects/apps/zeta-meds/vendor/laravel/passport/src/Http/Controllers/AccessTokenController.php(65): Laravel\\Passport\\Http\\Controllers\\AccessTokenController->withErrorHandling(Object(Closure))
#6 /Users/itcentral/Projects/apps/zeta-meds/vendor/laravel/framework/src/Illuminate/Routing/ControllerDispatcher.php(48): Laravel\\Passport\\Http\\Controllers\\AccessTokenController->issueToken(Object(Zend\\Diactoros\\ServerRequest))
#7 /Users/itcentral/Projects/apps/zeta-meds/vendor/laravel/framework/src/Illuminate/Routing/Route.php(219): Illuminate\\Routing\\ControllerDispatcher->dispatch(Object(Illuminate\\Routing\\Route), Object(Laravel\\Passport\\Http\\Controllers\\AccessTokenController), 'issueToken')
#8 /Users/itcentral/Projects/apps/zeta-meds/vendor/laravel/framework/src/Illuminate/Routing/Route.php(176): Illuminate\\Routing\\Route->runController()
#9 /Users/itcentral/Projects/apps/zeta-meds/vendor/laravel/framework/src/Illuminate/Routing/Router.php(680): Illuminate\\Routing\\Route->run()
#10 /Users/itcentral/Projects/apps/zeta-meds/vendor/laravel/framework/src/Illuminate/Routing/Pipeline.php(30): Illuminate\\Routing\\Router->Illuminate\\Routing\\{closure}(Object(Illuminate\\Http\\Request))
#11 /Users/itcentral/Projects/apps/zeta-meds/vendor/laravel/framework/src/Illuminate/Routing/Middleware/ThrottleRequests.php(58): Illuminate\\Routing\\Pipeline->Illuminate\\Routing\\{closure}(Object(Illuminate\\Http\\Request))
#12 /Users/itcentral/Projects/apps/zeta-meds/vendor/laravel/framework/src/Illuminate/Pipeline/Pipeline.php(163): Illuminate\\Routing\\Middleware\\ThrottleRequests->handle(Object(Illuminate\\Http\\Request), Object(Closure))
#13 /Users/itcentral/Projects/apps/zeta-meds/vendor/laravel/framework/src/Illuminate/Routing/Pipeline.php(53): Illuminate\\Pipeline\\Pipeline->Illuminate\\Pipeline\\{closure}(Object(Illuminate\\Http\\Request))
#14 /Users/itcentral/Projects/apps/zeta-meds/vendor/laravel/framework/src/Illuminate/Pipeline/Pipeline.php(104): Illuminate\\Routing\\Pipeline->Illuminate\\Routing\\{closure}(Object(Illuminate\\Http\\Request))
#15 /Users/itcentral/Projects/apps/zeta-meds/vendor/laravel/framework/src/Illuminate/Routing/Router.php(682): Illuminate\\Pipeline\\Pipeline->then(Object(Closure))
#16 /Users/itcentral/Projects/apps/zeta-meds/vendor/laravel/framework/src/Illuminate/Routing/Router.php(657): Illuminate\\Routing\\Router->runRouteWithinStack(Object(Illuminate\\Routing\\Route), Object(Illuminate\\Http\\Request))
#17 /Users/itcentral/Projects/apps/zeta-meds/vendor/laravel/framework/src/Illuminate/Routing/Router.php(623): Illuminate\\Routing\\Router->runRoute(Object(Illuminate\\Http\\Request), Object(Illuminate\\Routing\\Route))
#18 /Users/itcentral/Projects/apps/zeta-meds/vendor/laravel/framework/src/Illuminate/Routing/Router.php(612): Illuminate\\Routing\\Router->dispatchToRoute(Object(Illuminate\\Http\\Request))
#19 /Users/itcentral/Projects/apps/zeta-meds/vendor/laravel/framework/src/Illuminate/Foundation/Http/Kernel.php(176): Illuminate\\Routing\\Router->dispatch(Object(Illuminate\\Http\\Request))
#20 /Users/itcentral/Projects/apps/zeta-meds/vendor/laravel/framework/src/Illuminate/Routing/Pipeline.php(30): Illuminate\\Foundation\\Http\\Kernel->Illuminate\\Foundation\\Http\\{closure}(Object(Illuminate\\Http\\Request))
#21 /Users/itcentral/Projects/apps/zeta-meds/vendor/fideloper/proxy/src/TrustProxies.php(57): Illuminate\\Routing\\Pipeline->Illuminate\\Routing\\{closure}(Object(Illuminate\\Http\\Request))
#22 /Users/itcentral/Projects/apps/zeta-meds/vendor/laravel/framework/src/Illuminate/Pipeline/Pipeline.php(163): Fideloper\\Proxy\\TrustProxies->handle(Object(Illuminate\\Http\\Request), Object(Closure))
#23 /Users/itcentral/Projects/apps/zeta-meds/vendor/laravel/framework/src/Illuminate/Routing/Pipeline.php(53): Illuminate\\Pipeline\\Pipeline->Illuminate\\Pipeline\\{closure}(Object(Illuminate\\Http\\Request))
#24 /Users/itcentral/Projects/apps/zeta-meds/vendor/laravel/framework/src/Illuminate/Foundation/Http/Middleware/TransformsRequest.php(21): Illuminate\\Routing\\Pipeline->Illuminate\\Routing\\{closure}(Object(Illuminate\\Http\\Request))
#25 /Users/itcentral/Projects/apps/zeta-meds/vendor/laravel/framework/src/Illuminate/Pipeline/Pipeline.php(163): Illuminate\\Foundation\\Http\\Middleware\\TransformsRequest->handle(Object(Illuminate\\Http\\Request), Object(Closure))
#26 /Users/itcentral/Projects/apps/zeta-meds/vendor/laravel/framework/src/Illuminate/Routing/Pipeline.php(53): Illuminate\\Pipeline\\Pipeline->Illuminate\\Pipeline\\{closure}(Object(Illuminate\\Http\\Request))
#27 /Users/itcentral/Projects/apps/zeta-meds/vendor/laravel/framework/src/Illuminate/Foundation/Http/Middleware/TransformsRequest.php(21): Illuminate\\Routing\\Pipeline->Illuminate\\Routing\\{closure}(Object(Illuminate\\Http\\Request))
#28 /Users/itcentral/Projects/apps/zeta-meds/vendor/laravel/framework/src/Illuminate/Pipeline/Pipeline.php(163): Illuminate\\Foundation\\Http\\Middleware\\TransformsRequest->handle(Object(Illuminate\\Http\\Request), Object(Closure))
#29 /Users/itcentral/Projects/apps/zeta-meds/vendor/laravel/framework/src/Illuminate/Routing/Pipeline.php(53): Illuminate\\Pipeline\\Pipeline->Illuminate\\Pipeline\\{closure}(Object(Illuminate\\Http\\Request))
#30 /Users/itcentral/Projects/apps/zeta-meds/vendor/laravel/framework/src/Illuminate/Foundation/Http/Middleware/ValidatePostSize.php(27): Illuminate\\Routing\\Pipeline->Illuminate\\Routing\\{closure}(Object(Illuminate\\Http\\Request))
#31 /Users/itcentral/Projects/apps/zeta-meds/vendor/laravel/framework/src/Illuminate/Pipeline/Pipeline.php(163): Illuminate\\Foundation\\Http\\Middleware\\ValidatePostSize->handle(Object(Illuminate\\Http\\Request), Object(Closure))
#32 /Users/itcentral/Projects/apps/zeta-meds/vendor/laravel/framework/src/Illuminate/Routing/Pipeline.php(53): Illuminate\\Pipeline\\Pipeline->Illuminate\\Pipeline\\{closure}(Object(Illuminate\\Http\\Request))
#33 /Users/itcentral/Projects/apps/zeta-meds/vendor/laravel/framework/src/Illuminate/Foundation/Http/Middleware/CheckForMaintenanceMode.php(62): Illuminate\\Routing\\Pipeline->Illuminate\\Routing\\{closure}(Object(Illuminate\\Http\\Request))
#34 /Users/itcentral/Projects/apps/zeta-meds/vendor/laravel/framework/src/Illuminate/Pipeline/Pipeline.php(163): Illuminate\\Foundation\\Http\\Middleware\\CheckForMaintenanceMode->handle(Object(Illuminate\\Http\\Request), Object(Closure))
#35 /Users/itcentral/Projects/apps/zeta-meds/vendor/laravel/framework/src/Illuminate/Routing/Pipeline.php(53): Illuminate\\Pipeline\\Pipeline->Illuminate\\Pipeline\\{closure}(Object(Illuminate\\Http\\Request))
#36 /Users/itcentral/Projects/apps/zeta-meds/vendor/laravel/framework/src/Illuminate/Pipeline/Pipeline.php(104): Illuminate\\Routing\\Pipeline->Illuminate\\Routing\\{closure}(Object(Illuminate\\Http\\Request))
#37 /Users/itcentral/Projects/apps/zeta-meds/vendor/laravel/framework/src/Illuminate/Foundation/Http/Kernel.php(151): Illuminate\\Pipeline\\Pipeline->then(Object(Closure))
#38 /Users/itcentral/Projects/apps/zeta-meds/vendor/laravel/framework/src/Illuminate/Foundation/Http/Kernel.php(116): Illuminate\\Foundation\\Http\\Kernel->sendRequestThroughRouter(Object(Illuminate\\Http\\Request))
#39 /Users/itcentral/Projects/apps/zeta-meds/vendor/laravel/framework/src/Illuminate/Foundation/Application.php(875): Illuminate\\Foundation\\Http\\Kernel->handle(Object(Illuminate\\Http\\Request))
#40 /Users/itcentral/Projects/apps/zeta-meds/vendor/joselfonseca/lighthouse-graphql-passport-auth/src/GraphQL/Mutations/BaseAuthResolver.php(29): Illuminate\\Foundation\\Application->handle(Object(Illuminate\\Http\\Request))
#41 /Users/itcentral/Projects/apps/zeta-meds/vendor/joselfonseca/lighthouse-graphql-passport-auth/src/GraphQL/Mutations/Login.php(21): Joselfonseca\\LighthouseGraphQLPassport\\GraphQL\\Mutations\\BaseAuthResolver->makeRequest(Array)
#42 /Users/itcentral/Projects/apps/zeta-meds/vendor/nuwave/lighthouse/src/Schema/Directives/FieldDirective.php(45): Joselfonseca\\LighthouseGraphQLPassport\\GraphQL\\Mutations\\Login->resolve(NULL, Array, Object(Nuwave\\Lighthouse\\Schema\\Context), Object(GraphQL\\Type\\Definition\\ResolveInfo))
#43 /Users/itcentral/Projects/apps/zeta-meds/vendor/nuwave/lighthouse/src/Schema/Factories/FieldFactory.php(226): Nuwave\\Lighthouse\\Schema\\Directives\\FieldDirective->Nuwave\\Lighthouse\\Schema\\Directives\\{closure}(NULL, Array, Object(Nuwave\\Lighthouse\\Schema\\Context), Object(GraphQL\\Type\\Definition\\ResolveInfo))
#44 /Users/itcentral/Projects/apps/zeta-meds/vendor/webonyx/graphql-php/src/Executor/ReferenceExecutor.php(632): Nuwave\\Lighthouse\\Schema\\Factories\\FieldFactory->Nuwave\\Lighthouse\\Schema\\Factories\\{closure}(NULL, Array, Object(Nuwave\\Lighthouse\\Schema\\Context), Object(GraphQL\\Type\\Definition\\ResolveInfo))
#45 /Users/itcentral/Projects/apps/zeta-meds/vendor/webonyx/graphql-php/src/Executor/ReferenceExecutor.php(555): GraphQL\\Executor\\ReferenceExecutor->resolveOrError(Object(GraphQL\\Type\\Definition\\FieldDefinition), Object(GraphQL\\Language\\AST\\FieldNode), Object(Closure), NULL, Object(Nuwave\\Lighthouse\\Schema\\Context), Object(GraphQL\\Type\\Definition\\ResolveInfo))
#46 /Users/itcentral/Projects/apps/zeta-meds/vendor/webonyx/graphql-php/src/Executor/ReferenceExecutor.php(478): GraphQL\\Executor\\ReferenceExecutor->resolveField(Object(GraphQL\\Type\\Definition\\ObjectType), NULL, Object(ArrayObject), Array)
#47 /Users/itcentral/Projects/apps/zeta-meds/vendor/webonyx/graphql-php/src/Executor/ReferenceExecutor.php(921): GraphQL\\Executor\\ReferenceExecutor->GraphQL\\Executor\\{closure}(Array, 'login')
#48 [internal function]: GraphQL\\Executor\\ReferenceExecutor->GraphQL\\Executor\\{closure}(Array, 'login')
#49 /Users/itcentral/Projects/apps/zeta-meds/vendor/webonyx/graphql-php/src/Executor/ReferenceExecutor.php(923): array_reduce(Array, Object(Closure), Array)
#50 /Users/itcentral/Projects/apps/zeta-meds/vendor/webonyx/graphql-php/src/Executor/ReferenceExecutor.php(494): GraphQL\\Executor\\ReferenceExecutor->promiseReduce(Array, Object(Closure), Array)
#51 /Users/itcentral/Projects/apps/zeta-meds/vendor/webonyx/graphql-php/src/Executor/ReferenceExecutor.php(256): GraphQL\\Executor\\ReferenceExecutor->executeFieldsSerially(Object(GraphQL\\Type\\Definition\\ObjectType), NULL, Array, Object(ArrayObject))
#52 /Users/itcentral/Projects/apps/zeta-meds/vendor/webonyx/graphql-php/src/Executor/ReferenceExecutor.php(208): GraphQL\\Executor\\ReferenceExecutor->executeOperation(Object(GraphQL\\Language\\AST\\OperationDefinitionNode), NULL)
#53 /Users/itcentral/Projects/apps/zeta-meds/vendor/webonyx/graphql-php/src/Executor/Executor.php(155): GraphQL\\Executor\\ReferenceExecutor->doExecute()
#54 /Users/itcentral/Projects/apps/zeta-meds/vendor/webonyx/graphql-php/src/GraphQL.php(158): GraphQL\\Executor\\Executor::promiseToExecute(Object(GraphQL\\Executor\\Promise\\Adapter\\SyncPromiseAdapter), Object(GraphQL\\Type\\Schema), Object(GraphQL\\Language\\AST\\DocumentNode), NULL, Object(Nuwave\\Lighthouse\\Schema\\Context), Array, NULL, NULL)
#55 /Users/itcentral/Projects/apps/zeta-meds/vendor/webonyx/graphql-php/src/GraphQL.php(90): GraphQL\\GraphQL::promiseToExecute(Object(GraphQL\\Executor\\Promise\\Adapter\\SyncPromiseAdapter), Object(GraphQL\\Type\\Schema), 'mutation {\
  lo...', NULL, Object(Nuwave\\Lighthouse\\Schema\\Context), Array, NULL, NULL, Array)
#56 /Users/itcentral/Projects/apps/zeta-meds/vendor/nuwave/lighthouse/src/GraphQL.php(177): GraphQL\\GraphQL::executeQuery(Object(GraphQL\\Type\\Schema), 'mutation {\
  lo...', NULL, Object(Nuwave\\Lighthouse\\Schema\\Context), Array, NULL, NULL, Array)
#57 /Users/itcentral/Projects/apps/zeta-meds/vendor/nuwave/lighthouse/src/GraphQL.php(116): Nuwave\\Lighthouse\\GraphQL->executeQuery('mutation {\
  lo...', Object(Nuwave\\Lighthouse\\Schema\\Context), Array, NULL, NULL)
#58 /Users/itcentral/Projects/apps/zeta-meds/vendor/nuwave/lighthouse/src/Support/Http/Controllers/GraphQLController.php(70): Nuwave\\Lighthouse\\GraphQL->executeRequest(Object(Nuwave\\Lighthouse\\Execution\\LighthouseRequest))
#59 [internal function]: Nuwave\\Lighthouse\\Support\\Http\\Controllers\\GraphQLController->query(Object(Nuwave\\Lighthouse\\Execution\\LighthouseRequest))
#60 /Users/itcentral/Projects/apps/zeta-meds/vendor/laravel/framework/src/Illuminate/Routing/Controller.php(54): call_user_func_array(Array, Array)
#61 /Users/itcentral/Projects/apps/zeta-meds/vendor/laravel/framework/src/Illuminate/Routing/ControllerDispatcher.php(45): Illuminate\\Routing\\Controller->callAction('query', Array)
#62 /Users/itcentral/Projects/apps/zeta-meds/vendor/laravel/framework/src/Illuminate/Routing/Route.php(219): Illuminate\\Routing\\ControllerDispatcher->dispatch(Object(Illuminate\\Routing\\Route), Object(Nuwave\\Lighthouse\\Support\\Http\\Controllers\\GraphQLController), 'query')
#63 /Users/itcentral/Projects/apps/zeta-meds/vendor/laravel/framework/src/Illuminate/Routing/Route.php(176): Illuminate\\Routing\\Route->runController()
#64 /Users/itcentral/Projects/apps/zeta-meds/vendor/laravel/framework/src/Illuminate/Routing/Router.php(680): Illuminate\\Routing\\Route->run()
#65 /Users/itcentral/Projects/apps/zeta-meds/vendor/laravel/framework/src/Illuminate/Routing/Pipeline.php(30): Illuminate\\Routing\\Router->Illuminate\\Routing\\{closure}(Object(Illuminate\\Http\\Request))
#66 /Users/itcentral/Projects/apps/zeta-meds/vendor/nuwave/lighthouse/src/Support/Http/Middleware/AcceptJson.php(30): Illuminate\\Routing\\Pipeline->Illuminate\\Routing\\{closure}(Object(Illuminate\\Http\\Request))
#67 /Users/itcentral/Projects/apps/zeta-meds/vendor/laravel/framework/src/Illuminate/Pipeline/Pipeline.php(163): Nuwave\\Lighthouse\\Support\\Http\\Middleware\\AcceptJson->handle(Object(Illuminate\\Http\\Request), Object(Closure))
#68 /Users/itcentral/Projects/apps/zeta-meds/vendor/laravel/framework/src/Illuminate/Routing/Pipeline.php(53): Illuminate\\Pipeline\\Pipeline->Illuminate\\Pipeline\\{closure}(Object(Illuminate\\Http\\Request))
#69 /Users/itcentral/Projects/apps/zeta-meds/vendor/laravel/framework/src/Illuminate/Pipeline/Pipeline.php(104): Illuminate\\Routing\\Pipeline->Illuminate\\Routing\\{closure}(Object(Illuminate\\Http\\Request))
#70 /Users/itcentral/Projects/apps/zeta-meds/vendor/laravel/framework/src/Illuminate/Routing/Router.php(682): Illuminate\\Pipeline\\Pipeline->then(Object(Closure))
#71 /Users/itcentral/Projects/apps/zeta-meds/vendor/laravel/framework/src/Illuminate/Routing/Router.php(657): Illuminate\\Routing\\Router->runRouteWithinStack(Object(Illuminate\\Routing\\Route), Object(Illuminate\\Http\\Request))
#72 /Users/itcentral/Projects/apps/zeta-meds/vendor/laravel/framework/src/Illuminate/Routing/Router.php(623): Illuminate\\Routing\\Router->runRoute(Object(Illuminate\\Http\\Request), Object(Illuminate\\Routing\\Route))
#73 /Users/itcentral/Projects/apps/zeta-meds/vendor/laravel/framework/src/Illuminate/Routing/Router.php(612): Illuminate\\Routing\\Router->dispatchToRoute(Object(Illuminate\\Http\\Request))
#74 /Users/itcentral/Projects/apps/zeta-meds/vendor/laravel/framework/src/Illuminate/Foundation/Http/Kernel.php(176): Illuminate\\Routing\\Router->dispatch(Object(Illuminate\\Http\\Request))
#75 /Users/itcentral/Projects/apps/zeta-meds/vendor/laravel/framework/src/Illuminate/Routing/Pipeline.php(30): Illuminate\\Foundation\\Http\\Kernel->Illuminate\\Foundation\\Http\\{closure}(Object(Illuminate\\Http\\Request))
#76 /Users/itcentral/Projects/apps/zeta-meds/vendor/fideloper/proxy/src/TrustProxies.php(57): Illuminate\\Routing\\Pipeline->Illuminate\\Routing\\{closure}(Object(Illuminate\\Http\\Request))
#77 /Users/itcentral/Projects/apps/zeta-meds/vendor/laravel/framework/src/Illuminate/Pipeline/Pipeline.php(163): Fideloper\\Proxy\\TrustProxies->handle(Object(Illuminate\\Http\\Request), Object(Closure))
#78 /Users/itcentral/Projects/apps/zeta-meds/vendor/laravel/framework/src/Illuminate/Routing/Pipeline.php(53): Illuminate\\Pipeline\\Pipeline->Illuminate\\Pipeline\\{closure}(Object(Illuminate\\Http\\Request))
#79 /Users/itcentral/Projects/apps/zeta-meds/vendor/laravel/framework/src/Illuminate/Foundation/Http/Middleware/TransformsRequest.php(21): Illuminate\\Routing\\Pipeline->Illuminate\\Routing\\{closure}(Object(Illuminate\\Http\\Request))
#80 /Users/itcentral/Projects/apps/zeta-meds/vendor/laravel/framework/src/Illuminate/Pipeline/Pipeline.php(163): Illuminate\\Foundation\\Http\\Middleware\\TransformsRequest->handle(Object(Illuminate\\Http\\Request), Object(Closure))
#81 /Users/itcentral/Projects/apps/zeta-meds/vendor/laravel/framework/src/Illuminate/Routing/Pipeline.php(53): Illuminate\\Pipeline\\Pipeline->Illuminate\\Pipeline\\{closure}(Object(Illuminate\\Http\\Request))
#82 /Users/itcentral/Projects/apps/zeta-meds/vendor/laravel/framework/src/Illuminate/Foundation/Http/Middleware/TransformsRequest.php(21): Illuminate\\Routing\\Pipeline->Illuminate\\Routing\\{closure}(Object(Illuminate\\Http\\Request))
#83 /Users/itcentral/Projects/apps/zeta-meds/vendor/laravel/framework/src/Illuminate/Pipeline/Pipeline.php(163): Illuminate\\Foundation\\Http\\Middleware\\TransformsRequest->handle(Object(Illuminate\\Http\\Request), Object(Closure))
#84 /Users/itcentral/Projects/apps/zeta-meds/vendor/laravel/framework/src/Illuminate/Routing/Pipeline.php(53): Illuminate\\Pipeline\\Pipeline->Illuminate\\Pipeline\\{closure}(Object(Illuminate\\Http\\Request))
#85 /Users/itcentral/Projects/apps/zeta-meds/vendor/laravel/framework/src/Illuminate/Foundation/Http/Middleware/ValidatePostSize.php(27): Illuminate\\Routing\\Pipeline->Illuminate\\Routing\\{closure}(Object(Illuminate\\Http\\Request))
#86 /Users/itcentral/Projects/apps/zeta-meds/vendor/laravel/framework/src/Illuminate/Pipeline/Pipeline.php(163): Illuminate\\Foundation\\Http\\Middleware\\ValidatePostSize->handle(Object(Illuminate\\Http\\Request), Object(Closure))
#87 /Users/itcentral/Projects/apps/zeta-meds/vendor/laravel/framework/src/Illuminate/Routing/Pipeline.php(53): Illuminate\\Pipeline\\Pipeline->Illuminate\\Pipeline\\{closure}(Object(Illuminate\\Http\\Request))
#88 /Users/itcentral/Projects/apps/zeta-meds/vendor/laravel/framework/src/Illuminate/Foundation/Http/Middleware/CheckForMaintenanceMode.php(62): Illuminate\\Routing\\Pipeline->Illuminate\\Routing\\{closure}(Object(Illuminate\\Http\\Request))
#89 /Users/itcentral/Projects/apps/zeta-meds/vendor/laravel/framework/src/Illuminate/Pipeline/Pipeline.php(163): Illuminate\\Foundation\\Http\\Middleware\\CheckForMaintenanceMode->handle(Object(Illuminate\\Http\\Request), Object(Closure))
#90 /Users/itcentral/Projects/apps/zeta-meds/vendor/laravel/framework/src/Illuminate/Routing/Pipeline.php(53): Illuminate\\Pipeline\\Pipeline->Illuminate\\Pipeline\\{closure}(Object(Illuminate\\Http\\Request))
#91 /Users/itcentral/Projects/apps/zeta-meds/vendor/laravel/framework/src/Illuminate/Pipeline/Pipeline.php(104): Illuminate\\Routing\\Pipeline->Illuminate\\Routing\\{closure}(Object(Illuminate\\Http\\Request))
#92 /Users/itcentral/Projects/apps/zeta-meds/vendor/laravel/framework/src/Illuminate/Foundation/Http/Kernel.php(151): Illuminate\\Pipeline\\Pipeline->then(Object(Closure))
#93 /Users/itcentral/Projects/apps/zeta-meds/vendor/laravel/framework/src/Illuminate/Foundation/Http/Kernel.php(116): Illuminate\\Foundation\\Http\\Kernel->sendRequestThroughRouter(Object(Illuminate\\Http\\Request))
#94 /Users/itcentral/Projects/apps/zeta-meds/public/index.php(55): Illuminate\\Foundation\\Http\\Kernel->handle(Object(Illuminate\\Http\\Request))
#95 /Users/itcentral/Projects/apps/zeta-meds/server.php(21): require_once('/Users/itcentra...')
#96 {main}
"} 
